<?xml version="1.0" encoding="UTF-8"?>
<!-- Generated by org.testng.reporters.JUnitXMLReporter -->
<testsuite hostname="LAPTOP-GORURFBI" ignored="1" name="Default test" tests="7" failures="0" timestamp="28 May 2021 11:50:58 GMT" time="0.055" errors="0">
  <testcase name="tc1" time="0.011" classname="org.test.IgnoreAndInvocationCount"/>
  <testcase name="tc3" time="0.001" classname="org.test.IgnoreAndInvocationCount"/>
  <testcase name="tc3" time="0.002" classname="org.test.IgnoreAndInvocationCount"/>
  <testcase name="tc3" time="0.001" classname="org.test.IgnoreAndInvocationCount"/>
  <testcase name="tc3" time="0.001" classname="org.test.IgnoreAndInvocationCount"/>
  <testcase name="tc3" time="0.002" classname="org.test.IgnoreAndInvocationCount"/>
  <testcase name="tc4" time="0.002" classname="org.test.IgnoreAndInvocationCount"/>
  <testcase name="tc2" time="0.0" classname="org.test.IgnoreAndInvocationCount">
    <ignored/>
  </testcase> <!-- tc2 -->
</testsuite> <!-- Default test -->
