<?xml version="1.0" encoding="UTF-8"?>
<!-- Generated by org.testng.reporters.JUnitXMLReporter -->
<testsuite hostname="LAPTOP-GORURFBI" ignored="0" name="Default test" tests="3" failures="0" timestamp="21 May 2021 11:15:35 GMT" time="7.949" errors="0">
  <testcase name="tc1" time="3.04" classname="org.test.DataProviderExamples"/>
  <testcase name="tc1" time="1.208" classname="org.test.DataProviderExamples"/>
  <testcase name="tc1" time="1.175" classname="org.test.DataProviderExamples"/>
</testsuite> <!-- Default test -->
